<?xml version="1.0" encoding="UTF-8"?>
<!-- Generated by org.testng.reporters.JUnitReportReporter -->
<testsuite hostname="DESKTOP-6L0B64R" failures="0" tests="3" name="TestngPractice.invocationCountTest$orderOfExecutionTest" time="0.028" errors="0" timestamp="2024-04-21T12:57:53 IST" skipped="0">
  <testcase classname="TestngPractice.invocationCountTest$orderOfExecutionTest" name="modifyTest" time="0.003"/>
  <system-out/>
  <testcase classname="TestngPractice.invocationCountTest$orderOfExecutionTest" name="modifyTest" time="0.008"/>
  <system-out/>
  <testcase classname="TestngPractice.invocationCountTest$orderOfExecutionTest" name="modifyTest" time="0.017"/>
  <system-out/>
</testsuite> <!-- TestngPractice.invocationCountTest$orderOfExecutionTest -->
