<?xml version="1.0" encoding="UTF-8"?>
<!-- Generated by org.testng.reporters.JUnitReportReporter -->
<testsuite hostname="DESKTOP-6L0B64R" failures="0" tests="1" name="TestngPractice.TestngPractice" time="0.134" errors="0" timestamp="2024-04-21T11:38:28 IST" skipped="0">
  <testcase classname="TestngPractice.TestngPractice" name="sampletest" time="0.134"/>
  <system-out/>
</testsuite> <!-- TestngPractice.TestngPractice -->
