<?xml version="1.0" encoding="UTF-8"?>
<!-- Generated by org.testng.reporters.JUnitReportReporter -->
<testsuite hostname="DESKTOP-6L0B64R" failures="0" tests="1" name="TestngPractice.createOrgwithoutbaseclasstest" time="69.181" errors="0" timestamp="2024-04-23T21:56:55 IST" skipped="0">
  <testcase classname="TestngPractice.createOrgwithoutbaseclasstest" name="createOrgwithoutbasetest" time="69.181"/>
  <system-out/>
</testsuite> <!-- TestngPractice.createOrgwithoutbaseclasstest -->
