<?xml version="1.0" encoding="UTF-8"?>
<!-- Generated by org.testng.reporters.JUnitReportReporter -->
<testsuite hostname="DESKTOP-6L0B64R" failures="0" tests="1" name="TestngPractice.createOrgnizationTest" time="0.000" errors="0" timestamp="2024-04-22T19:19:16 IST" skipped="1">
  <testcase classname="TestngPractice.createOrgnizationTest" name="createOrgTest" time="0.000">
    <skipped/>
  </testcase> <!-- createOrgTest -->
  <system-out/>
</testsuite> <!-- TestngPractice.createOrgnizationTest -->
