<?xml version="1.0" encoding="UTF-8"?>
<!-- Generated by org.testng.reporters.JUnitReportReporter -->
<testsuite hostname="DESKTOP-6L0B64R" failures="0" tests="3" name="TestngPractice.orderOfExecutionTest" time="0.019" errors="0" timestamp="2024-04-21T12:41:51 IST" skipped="0">
  <testcase classname="TestngPractice.orderOfExecutionTest" name="deleteTest" time="0.015"/>
  <system-out/>
  <testcase classname="TestngPractice.orderOfExecutionTest" name="modifyTest" time="0.001"/>
  <system-out/>
  <testcase classname="TestngPractice.orderOfExecutionTest" name="createTest" time="0.003"/>
  <system-out/>
</testsuite> <!-- TestngPractice.orderOfExecutionTest -->
