<?xml version="1.0" encoding="UTF-8"?>
<!-- Generated by org.testng.reporters.JUnitReportReporter -->
<testsuite hostname="DESKTOP-6L0B64R" failures="0" tests="6" name="TestngPractice.disabledTest$orderOfExecutionTest" time="0.062" errors="0" timestamp="2024-04-21T13:02:03 IST" skipped="0">
  <testcase classname="TestngPractice.disabledTest$orderOfExecutionTest" name="createTest" time="0.008"/>
  <system-out/>
  <testcase classname="TestngPractice.disabledTest$orderOfExecutionTest" name="modifyTest" time="0.027"/>
  <system-out/>
  <testcase classname="TestngPractice.disabledTest$orderOfExecutionTest" name="modifyTest" time="0.002"/>
  <system-out/>
  <testcase classname="TestngPractice.disabledTest$orderOfExecutionTest" name="deleteTest" time="0.004"/>
  <system-out/>
  <testcase classname="TestngPractice.disabledTest$orderOfExecutionTest" name="modifyTest" time="0.001"/>
  <system-out/>
  <testcase classname="TestngPractice.disabledTest$orderOfExecutionTest" name="createTest" time="0.020"/>
  <system-out/>
</testsuite> <!-- TestngPractice.disabledTest$orderOfExecutionTest -->
