<?xml version="1.0" encoding="UTF-8"?>
<!-- Generated by org.testng.reporters.JUnitReportReporter -->
<testsuite hostname="DESKTOP-6L0B64R" failures="0" tests="4" name="TestngPractice.dataproviderTest" time="0.021" errors="0" timestamp="2024-04-22T10:04:13 IST" skipped="0">
  <testcase classname="TestngPractice.dataproviderTest" name="sampledata" time="0.002"/>
  <system-out/>
  <testcase classname="TestngPractice.dataproviderTest" name="sampledata" time="0.001"/>
  <system-out/>
  <testcase classname="TestngPractice.dataproviderTest" name="sampledata" time="0.003"/>
  <system-out/>
  <testcase classname="TestngPractice.dataproviderTest" name="sampledata" time="0.015"/>
  <system-out/>
</testsuite> <!-- TestngPractice.dataproviderTest -->
